2004.12.01 11:18 B C:\Documents and Settings\tierik\My Documents\My Webs\Christmas\images\Elizabeth\btn-poeeyore2.gif <-- Brinkster /eriksons/images/Elizabeth btn-poeeyore2.gif
2004.12.01 11:18 B C:\Documents and Settings\tierik\My Documents\My Webs\Christmas\images\Elizabeth\pigletem.gif <-- Brinkster /eriksons/images/Elizabeth pigletem.gif
2004.12.01 11:18 B C:\Documents and Settings\tierik\My Documents\My Webs\Christmas\images\Elizabeth\piglsign.gif <-- Brinkster /eriksons/images/Elizabeth piglsign.gif
2004.12.01 11:18 B C:\Documents and Settings\tierik\My Documents\My Webs\Christmas\images\Elizabeth\pooh.gif <-- Brinkster /eriksons/images/Elizabeth pooh.gif
2004.12.01 11:18 B C:\Documents and Settings\tierik\My Documents\My Webs\Christmas\images\Elizabeth\poohdesk.gif <-- Brinkster /eriksons/images/Elizabeth poohdesk.gif
2004.12.01 11:18 B C:\Documents and Settings\tierik\My Documents\My Webs\Christmas\images\Elizabeth\poohhoney.gif <-- Brinkster /eriksons/images/Elizabeth poohhoney.gif
2004.12.01 11:18 B C:\Documents and Settings\tierik\My Documents\My Webs\Christmas\images\Elizabeth\poohlptp.gif <-- Brinkster /eriksons/images/Elizabeth poohlptp.gif
2004.12.01 11:18 B C:\Documents and Settings\tierik\My Documents\My Webs\Christmas\images\Elizabeth\poohread.gif <-- Brinkster /eriksons/images/Elizabeth poohread.gif
2004.12.01 11:18 B C:\Documents and Settings\tierik\My Documents\My Webs\Christmas\images\Elizabeth\poohredr.gif <-- Brinkster /eriksons/images/Elizabeth poohredr.gif
2004.12.01 11:18 B C:\Documents and Settings\tierik\My Documents\My Webs\Christmas\images\Elizabeth\poohsupp.gif <-- Brinkster /eriksons/images/Elizabeth poohsupp.gif
2004.12.01 11:18 B C:\Documents and Settings\tierik\My Documents\My Webs\Christmas\images\Elizabeth\poohswng.gif <-- Brinkster /eriksons/images/Elizabeth poohswng.gif
2004.12.01 11:18 B C:\Documents and Settings\tierik\My Documents\My Webs\Christmas\images\Elizabeth\poohthnk.gif <-- Brinkster /eriksons/images/Elizabeth poohthnk.gif
2004.12.01 11:18 B C:\Documents and Settings\tierik\My Documents\My Webs\Christmas\images\Elizabeth\poohwrit.gif <-- Brinkster /eriksons/images/Elizabeth poohwrit.gif
2004.12.01 11:18 B C:\Documents and Settings\tierik\My Documents\My Webs\Christmas\images\Elizabeth\rotigger.gif <-- Brinkster /eriksons/images/Elizabeth rotigger.gif
2004.12.01 11:18 B C:\Documents and Settings\tierik\My Documents\My Webs\Christmas\images\Elizabeth\sledpooh.gif <-- Brinkster /eriksons/images/Elizabeth sledpooh.gif
2004.12.01 11:18 B C:\Documents and Settings\tierik\My Documents\My Webs\Christmas\images\Elizabeth\tiggerol.gif <-- Brinkster /eriksons/images/Elizabeth tiggerol.gif
2004.12.02 13:01 B C:\Documents and Settings\tierik\My Documents\My Webs\Christmas\images\Elizabeth\btn-poeeyore2.gif --> ftp7.edthosting.com /eriksonfamily200/images/Elizabeth btn-poeeyore2.gif
2004.12.02 13:01 B C:\Documents and Settings\tierik\My Documents\My Webs\Christmas\images\Elizabeth\pigletem.gif --> ftp7.edthosting.com /eriksonfamily200/images/Elizabeth pigletem.gif
2004.12.02 13:01 B C:\Documents and Settings\tierik\My Documents\My Webs\Christmas\images\Elizabeth\piglsign.gif --> ftp7.edthosting.com /eriksonfamily200/images/Elizabeth piglsign.gif
2004.12.02 13:01 B C:\Documents and Settings\tierik\My Documents\My Webs\Christmas\images\Elizabeth\pooh.gif --> ftp7.edthosting.com /eriksonfamily200/images/Elizabeth pooh.gif
2004.12.02 13:01 B C:\Documents and Settings\tierik\My Documents\My Webs\Christmas\images\Elizabeth\poohdesk.gif --> ftp7.edthosting.com /eriksonfamily200/images/Elizabeth poohdesk.gif
2004.12.02 13:01 B C:\Documents and Settings\tierik\My Documents\My Webs\Christmas\images\Elizabeth\poohhoney.gif --> ftp7.edthosting.com /eriksonfamily200/images/Elizabeth poohhoney.gif
2004.12.02 13:01 B C:\Documents and Settings\tierik\My Documents\My Webs\Christmas\images\Elizabeth\poohlptp.gif --> ftp7.edthosting.com /eriksonfamily200/images/Elizabeth poohlptp.gif
2004.12.02 13:01 B C:\Documents and Settings\tierik\My Documents\My Webs\Christmas\images\Elizabeth\poohread.gif --> ftp7.edthosting.com /eriksonfamily200/images/Elizabeth poohread.gif
2004.12.02 13:01 B C:\Documents and Settings\tierik\My Documents\My Webs\Christmas\images\Elizabeth\poohredr.gif --> ftp7.edthosting.com /eriksonfamily200/images/Elizabeth poohredr.gif
2004.12.02 13:01 B C:\Documents and Settings\tierik\My Documents\My Webs\Christmas\images\Elizabeth\poohsupp.gif --> ftp7.edthosting.com /eriksonfamily200/images/Elizabeth poohsupp.gif
2004.12.02 13:01 B C:\Documents and Settings\tierik\My Documents\My Webs\Christmas\images\Elizabeth\poohswng.gif --> ftp7.edthosting.com /eriksonfamily200/images/Elizabeth poohswng.gif
2004.12.02 13:01 B C:\Documents and Settings\tierik\My Documents\My Webs\Christmas\images\Elizabeth\poohthnk.gif --> ftp7.edthosting.com /eriksonfamily200/images/Elizabeth poohthnk.gif
2004.12.02 13:01 B C:\Documents and Settings\tierik\My Documents\My Webs\Christmas\images\Elizabeth\poohwrit.gif --> ftp7.edthosting.com /eriksonfamily200/images/Elizabeth poohwrit.gif
2004.12.02 13:01 B C:\Documents and Settings\tierik\My Documents\My Webs\Christmas\images\Elizabeth\rotigger.gif --> ftp7.edthosting.com /eriksonfamily200/images/Elizabeth rotigger.gif
2004.12.02 13:01 B C:\Documents and Settings\tierik\My Documents\My Webs\Christmas\images\Elizabeth\sledpooh.gif --> ftp7.edthosting.com /eriksonfamily200/images/Elizabeth sledpooh.gif
2004.12.02 13:01 B C:\Documents and Settings\tierik\My Documents\My Webs\Christmas\images\Elizabeth\tiggerol.gif --> ftp7.edthosting.com /eriksonfamily200/images/Elizabeth tiggerol.gif
2004.12.02 22:00 B C:\Documents and Settings\julwes\My Documents\My Webs\Christmas\images\Elizabeth\WS_FTP.LOG <-- Empire Data Technologies /eriksonfamily200/images/Elizabeth WS_FTP.LOG
