2004.12.02 22:01 B C:\Documents and Settings\julwes\My Documents\My Webs\Christmas\_vti_inf.html <-- Empire Data Technologies /eriksonfamily200 _vti_inf.html
2004.12.02 22:01 B C:\Documents and Settings\julwes\My Documents\My Webs\Christmas\AddItem.asp <-- Empire Data Technologies /eriksonfamily200 AddItem.asp
2004.12.02 22:01 B C:\Documents and Settings\julwes\My Documents\My Webs\Christmas\changepassword.asp <-- Empire Data Technologies /eriksonfamily200 changepassword.asp
2004.12.02 22:01 B C:\Documents and Settings\julwes\My Documents\My Webs\Christmas\Check.asp <-- Empire Data Technologies /eriksonfamily200 Check.asp
2004.12.02 22:01 B C:\Documents and Settings\julwes\My Documents\My Webs\Christmas\Christmas2000.htm <-- Empire Data Technologies /eriksonfamily200 Christmas2000.htm
2004.12.02 22:01 B C:\Documents and Settings\julwes\My Documents\My Webs\Christmas\Christmas2001.htm <-- Empire Data Technologies /eriksonfamily200 Christmas2001.htm
2004.12.02 22:01 B C:\Documents and Settings\julwes\My Documents\My Webs\Christmas\ChristmasList.asp <-- Empire Data Technologies /eriksonfamily200 ChristmasList.asp
2004.12.02 22:08 B C:\Documents and Settings\julwes\My Documents\My Webs\Christmas\default.asp <-- Empire Data Technologies /eriksonfamily200 default.asp
2004.12.02 22:08 B C:\Documents and Settings\julwes\My Documents\My Webs\Christmas\default.htm <-- Empire Data Technologies /eriksonfamily200 default.htm
2004.12.02 22:08 B C:\Documents and Settings\julwes\My Documents\My Webs\Christmas\DeleteThisRow.asp <-- Empire Data Technologies /eriksonfamily200 DeleteThisRow.asp
2004.12.02 22:08 B C:\Documents and Settings\julwes\My Documents\My Webs\Christmas\EChristmasLogin.asp <-- Empire Data Technologies /eriksonfamily200 EChristmasLogin.asp
2004.12.02 22:08 B C:\Documents and Settings\julwes\My Documents\My Webs\Christmas\EditRow.asp <-- Empire Data Technologies /eriksonfamily200 EditRow.asp
2004.12.02 22:08 B C:\Documents and Settings\julwes\My Documents\My Webs\Christmas\EditThisRow.asp <-- Empire Data Technologies /eriksonfamily200 EditThisRow.asp
2004.12.02 22:08 B C:\Documents and Settings\julwes\My Documents\My Webs\Christmas\empty.htm <-- Empire Data Technologies /eriksonfamily200 empty.htm
2004.12.02 22:08 B C:\Documents and Settings\julwes\My Documents\My Webs\Christmas\Ephoto.htm <-- Empire Data Technologies /eriksonfamily200 Ephoto.htm
2004.12.02 22:08 B C:\Documents and Settings\julwes\My Documents\My Webs\Christmas\Error.htm <-- Empire Data Technologies /eriksonfamily200 Error.htm
2004.12.02 22:08 B C:\Documents and Settings\julwes\My Documents\My Webs\Christmas\family.htm <-- Empire Data Technologies /eriksonfamily200 family.htm
2004.12.02 22:08 B C:\Documents and Settings\julwes\My Documents\My Webs\Christmas\fphover.class <-- Empire Data Technologies /eriksonfamily200 fphover.class
2004.12.02 22:08 B C:\Documents and Settings\julwes\My Documents\My Webs\Christmas\fphoverx.class <-- Empire Data Technologies /eriksonfamily200 fphoverx.class
2004.12.02 22:08 B C:\Documents and Settings\julwes\My Documents\My Webs\Christmas\global.asa <-- Empire Data Technologies /eriksonfamily200 global.asa
2004.12.02 22:08 B C:\Documents and Settings\julwes\My Documents\My Webs\Christmas\index.htm <-- Empire Data Technologies /eriksonfamily200 index.htm
2004.12.02 22:08 B C:\Documents and Settings\julwes\My Documents\My Webs\Christmas\InsertRow.asp <-- Empire Data Technologies /eriksonfamily200 InsertRow.asp
2004.12.02 22:08 B C:\Documents and Settings\julwes\My Documents\My Webs\Christmas\links.htm <-- Empire Data Technologies /eriksonfamily200 links.htm
2004.12.02 22:08 B C:\Documents and Settings\julwes\My Documents\My Webs\Christmas\LoggedOut.htm <-- Empire Data Technologies /eriksonfamily200 LoggedOut.htm
2004.12.02 22:08 B C:\Documents and Settings\julwes\My Documents\My Webs\Christmas\Logon.asp <-- Empire Data Technologies /eriksonfamily200 Logon.asp
2004.12.02 22:08 B C:\Documents and Settings\julwes\My Documents\My Webs\Christmas\Logout.asp <-- Empire Data Technologies /eriksonfamily200 Logout.asp
2004.12.02 22:08 B C:\Documents and Settings\julwes\My Documents\My Webs\Christmas\MyChristmasList.asp <-- Empire Data Technologies /eriksonfamily200 MyChristmasList.asp
2004.12.02 22:08 B C:\Documents and Settings\julwes\My Documents\My Webs\Christmas\ok.htm <-- Empire Data Technologies /eriksonfamily200 ok.htm
2004.12.02 22:08 B C:\Documents and Settings\julwes\My Documents\My Webs\Christmas\password.asp <-- Empire Data Technologies /eriksonfamily200 password.asp
2004.12.02 22:08 B C:\Documents and Settings\julwes\My Documents\My Webs\Christmas\postinfo.html <-- Empire Data Technologies /eriksonfamily200 postinfo.html
2004.12.02 22:08 B C:\Documents and Settings\julwes\My Documents\My Webs\Christmas\pw2sorry.htm <-- Empire Data Technologies /eriksonfamily200 pw2sorry.htm
2004.12.02 22:08 B C:\Documents and Settings\julwes\My Documents\My Webs\Christmas\pwok.htm <-- Empire Data Technologies /eriksonfamily200 pwok.htm
2004.12.02 22:08 B C:\Documents and Settings\julwes\My Documents\My Webs\Christmas\pwsorry.htm <-- Empire Data Technologies /eriksonfamily200 pwsorry.htm
2004.12.02 22:08 B C:\Documents and Settings\julwes\My Documents\My Webs\Christmas\RCheck.asp <-- Empire Data Technologies /eriksonfamily200 RCheck.asp
2004.12.02 22:08 B C:\Documents and Settings\julwes\My Documents\My Webs\Christmas\sorry.htm <-- Empire Data Technologies /eriksonfamily200 sorry.htm
2004.12.02 22:08 B C:\Documents and Settings\julwes\My Documents\My Webs\Christmas\WChristmasLogin.asp <-- Empire Data Technologies /eriksonfamily200 WChristmasLogin.asp
2004.12.02 22:08 B C:\Documents and Settings\julwes\My Documents\My Webs\Christmas\Wphoto.htm <-- Empire Data Technologies /eriksonfamily200 Wphoto.htm
2004.12.02 22:16 B C:\Documents and Settings\julwes\My Documents\My Webs\Christmas\show.asp --> ftp7.edthosting.com /eriksonfamily200 show.asp
2004.12.02 22:18 B C:\Documents and Settings\julwes\My Documents\My Webs\Christmas\show.asp --> ftp7.edthosting.com /eriksonfamily200 show.asp
2004.12.02 22:19 B C:\Documents and Settings\julwes\My Documents\My Webs\Christmas\show.asp --> ftp7.edthosting.com /eriksonfamily200 show.asp
2004.12.02 22:19 B C:\Documents and Settings\julwes\My Documents\My Webs\Christmas\show.asp --> ftp7.edthosting.com /eriksonfamily200 show.asp
2004.12.02 22:20 B C:\Documents and Settings\julwes\My Documents\My Webs\Christmas\show.asp --> ftp7.edthosting.com /eriksonfamily200 show.asp
2004.12.02 22:22 B C:\Documents and Settings\julwes\My Documents\My Webs\Christmas\show.asp --> ftp7.edthosting.com /eriksonfamily200 show.asp
2004.12.02 22:23 B C:\Documents and Settings\julwes\My Documents\My Webs\Christmas\show.asp --> ftp7.edthosting.com /eriksonfamily200 show.asp
2004.12.02 22:24 B C:\Documents and Settings\julwes\My Documents\My Webs\Christmas\show.asp --> ftp7.edthosting.com /eriksonfamily200 show.asp
2004.12.02 22:50 B C:\Documents and Settings\julwes\My Documents\My Webs\Christmas\AddUser.asp --> ftp7.edthosting.com /eriksonfamily200 AddUser.asp
2004.12.02 22:50 B C:\Documents and Settings\julwes\My Documents\My Webs\Christmas\InsertUser.asp --> ftp7.edthosting.com /eriksonfamily200 InsertUser.asp
2004.12.02 22:51 B C:\Documents and Settings\julwes\My Documents\My Webs\Christmas\InsertUser.asp --> ftp7.edthosting.com /eriksonfamily200 InsertUser.asp
2004.12.02 22:52 B C:\Documents and Settings\julwes\My Documents\My Webs\Christmas\InsertUser.asp --> ftp7.edthosting.com /eriksonfamily200 InsertUser.asp
2004.12.02 22:53 B C:\Documents and Settings\julwes\My Documents\My Webs\Christmas\AddUser.asp --> ftp7.edthosting.com /eriksonfamily200 AddUser.asp
2004.12.02 22:53 B C:\Documents and Settings\julwes\My Documents\My Webs\Christmas\AddUser.asp --> ftp7.edthosting.com /eriksonfamily200 AddUser.asp
2004.12.02 22:55 B C:\Documents and Settings\julwes\My Documents\My Webs\Christmas\InsertUser.asp --> ftp7.edthosting.com /eriksonfamily200 InsertUser.asp
2004.12.02 22:56 B C:\Documents and Settings\julwes\My Documents\My Webs\Christmas\InsertUser.asp --> ftp7.edthosting.com /eriksonfamily200 InsertUser.asp
2004.12.02 23:00 B C:\Documents and Settings\julwes\My Documents\My Webs\Christmas\InsertUser.asp --> ftp7.edthosting.com /eriksonfamily200 InsertUser.asp
2004.12.02 23:00 B C:\Documents and Settings\julwes\My Documents\My Webs\Christmas\InsertUser.asp --> ftp7.edthosting.com /eriksonfamily200 InsertUser.asp
2004.12.02 23:19 B C:\Documents and Settings\julwes\My Documents\My Webs\Christmas\InsertUser.asp --> ftp7.edthosting.com /eriksonfamily200 InsertUser.asp
2004.12.02 23:20 B C:\Documents and Settings\julwes\My Documents\My Webs\Christmas\InsertUser.asp --> ftp7.edthosting.com /eriksonfamily200 InsertUser.asp
2004.12.02 23:23 B C:\Documents and Settings\julwes\My Documents\My Webs\Christmas\InsertUser.asp --> ftp7.edthosting.com /eriksonfamily200 InsertUser.asp
2004.12.02 23:23 B C:\Documents and Settings\julwes\My Documents\My Webs\Christmas\InsertUser.asp --> ftp7.edthosting.com /eriksonfamily200 InsertUser.asp
2004.12.02 23:24 B C:\Documents and Settings\julwes\My Documents\My Webs\Christmas\InsertUser.asp --> ftp7.edthosting.com /eriksonfamily200 InsertUser.asp
2004.12.02 23:29 B C:\Documents and Settings\julwes\My Documents\My Webs\Christmas\InsertUser.asp --> ftp7.edthosting.com /eriksonfamily200 InsertUser.asp
2004.12.02 23:30 B C:\Documents and Settings\julwes\My Documents\My Webs\Christmas\InsertUser.asp --> ftp7.edthosting.com /eriksonfamily200 InsertUser.asp
2004.12.02 23:30 B C:\Documents and Settings\julwes\My Documents\My Webs\Christmas\InsertUser.asp --> ftp7.edthosting.com /eriksonfamily200 InsertUser.asp
